2015-04-14 20:46:58
mongo gale
db.release_notes.drop();
coffee scripts/insert_release_note.coffee



2015-04-13 18:49:04
coffee scripts/load_key_point_json_to_db.coffee de 1,2,3,4,5


2015-04-13 16:53:07
coffee scripts/load_key_point_json_to_db.coffee de 71,72,73,74,75,76,77,78,79,80,81
coffee scripts/load_key_point_json_to_db.coffee nceone 111,113,115,117,131,133,135,137,139,141,143
coffee scripts/get_lesson_list_with_key_points.coffee


2015-04-12 14:48:57
mongo gale
db.sentences.remove({lessonNo: 5});
coffee scripts/load_srt_json_to_db.coffee de 5



2015-04-10 21:55:27
#导入知识点，指定课程
coffee scripts/load_key_point_json_to_db.coffee nceone 71,73,75,77,79,81,83,85,87,89,91,93,95,97,99,101,103,105,107,109,119


2015-04-09 14:48:50
#删除原始的lesson
mongo gale
db.lessons.drop();
#导入新的lesson数据
coffee scripts/load_lesson_list_json_to_db.coffee


2015-04-08 21:41:56
mongo gale
//给lessonNo增加300，临时方案，未来引入courseNo之后，再减去300
db.sentences.update({courseNo: 1}, {$inc: {lessonNo: 300}}, {multi: true});


2015-04-08

mongo gale
//为sentence增加courseNo字段
db.sentences.update({}, {$set: {courseNo: 2}}, {multi: true});

#导入de 54-60
coffee scripts/load_key_point_json_to_db.coffee de 54,55,56,57,58,59,60

#导入全部nceone sentence
coffee scripts/load_srt_json_to_db.coffee nceone

#导入指定lesson的知识点
coffee scripts/load_key_point_json_to_db.coffee nceone 121,123,125,127,129
